<?xml version="1.0" ?>
<!DOCTYPE coverage SYSTEM "http://cobertura.sourceforge.net/xml/coverage-04.dtd">
<coverage lines-valid="935" lines-covered="649" line-rate="0.6940999999999999" branches-valid="318" branches-covered="212" branch-rate="0.6666" timestamp="1751371201084" complexity="0" version="0.1">
  <sources>
    <source>/Users/thomas.roche/Projects/github/elevator-saga/elevator-saga</source>
  </sources>
  <packages>
    <package name="src" line-rate="1" branch-rate="1">
      <classes>
        <class name="test-helpers.js" filename="src/test-helpers.js" line-rate="1" branch-rate="1">
          <methods>
            <method name="(anonymous_0)" hits="44" signature="()V">
              <lines>
                <line number="1" hits="44"/>
              </lines>
            </method>
          </methods>
          <lines>
            <line number="1" hits="3" branch="false"/>
            <line number="2" hits="44" branch="false"/>
            <line number="4" hits="44" branch="false"/>
            <line number="5" hits="18818" branch="false"/>
            <line number="6" hits="18818" branch="false"/>
          </lines>
        </class>
      </classes>
    </package>
    <package name="src.app" line-rate="0.203" branch-rate="0.1551">
      <classes>
        <class name="app.js" filename="src/app/app.js" line-rate="0.03" branch-rate="0">
          <methods>
            <method name="(anonymous_0)" hits="0" signature="()V">
              <lines>
                <line number="42" hits="0"/>
              </lines>
            </method>
            <method name="(anonymous_1)" hits="0" signature="()V">
              <lines>
                <line number="43" hits="0"/>
              </lines>
            </method>
            <method name="(anonymous_2)" hits="0" signature="()V">
              <lines>
                <line number="51" hits="0"/>
              </lines>
            </method>
            <method name="(anonymous_3)" hits="0" signature="()V">
              <lines>
                <line number="58" hits="0"/>
              </lines>
            </method>
            <method name="(anonymous_4)" hits="0" signature="()V">
              <lines>
                <line number="72" hits="0"/>
              </lines>
            </method>
            <method name="(anonymous_5)" hits="0" signature="()V">
              <lines>
                <line number="75" hits="0"/>
              </lines>
            </method>
            <method name="(anonymous_6)" hits="0" signature="()V">
              <lines>
                <line number="88" hits="0"/>
              </lines>
            </method>
            <method name="(anonymous_7)" hits="0" signature="()V">
              <lines>
                <line number="93" hits="0"/>
              </lines>
            </method>
            <method name="(anonymous_8)" hits="0" signature="()V">
              <lines>
                <line number="101" hits="0"/>
              </lines>
            </method>
            <method name="(anonymous_9)" hits="0" signature="()V">
              <lines>
                <line number="112" hits="0"/>
              </lines>
            </method>
            <method name="(anonymous_10)" hits="0" signature="()V">
              <lines>
                <line number="125" hits="0"/>
              </lines>
            </method>
            <method name="(anonymous_11)" hits="0" signature="()V">
              <lines>
                <line number="128" hits="0"/>
              </lines>
            </method>
            <method name="(anonymous_12)" hits="0" signature="()V">
              <lines>
                <line number="131" hits="0"/>
              </lines>
            </method>
            <method name="(anonymous_13)" hits="0" signature="()V">
              <lines>
                <line number="135" hits="0"/>
              </lines>
            </method>
            <method name="(anonymous_14)" hits="0" signature="()V">
              <lines>
                <line number="143" hits="0"/>
              </lines>
            </method>
            <method name="(anonymous_15)" hits="0" signature="()V">
              <lines>
                <line number="146" hits="0"/>
              </lines>
            </method>
            <method name="(anonymous_16)" hits="0" signature="()V">
              <lines>
                <line number="152" hits="0"/>
              </lines>
            </method>
            <method name="(anonymous_17)" hits="0" signature="()V">
              <lines>
                <line number="154" hits="0"/>
              </lines>
            </method>
            <method name="(anonymous_18)" hits="0" signature="()V">
              <lines>
                <line number="189" hits="0"/>
              </lines>
            </method>
            <method name="(anonymous_19)" hits="0" signature="()V">
              <lines>
                <line number="192" hits="0"/>
              </lines>
            </method>
            <method name="(anonymous_20)" hits="0" signature="()V">
              <lines>
                <line number="195" hits="0"/>
              </lines>
            </method>
            <method name="(anonymous_21)" hits="0" signature="()V">
              <lines>
                <line number="198" hits="0"/>
              </lines>
            </method>
            <method name="(anonymous_22)" hits="0" signature="()V">
              <lines>
                <line number="213" hits="0"/>
              </lines>
            </method>
            <method name="(anonymous_23)" hits="0" signature="()V">
              <lines>
                <line number="216" hits="0"/>
              </lines>
            </method>
            <method name="(anonymous_24)" hits="0" signature="()V">
              <lines>
                <line number="229" hits="0"/>
              </lines>
            </method>
          </methods>
          <lines>
            <line number="42" hits="1" branch="false"/>
            <line number="43" hits="0" branch="false"/>
            <line number="44" hits="0" branch="false"/>
            <line number="47" hits="0" branch="false"/>
            <line number="50" hits="0" branch="false"/>
            <line number="52" hits="0" branch="false"/>
            <line number="58" hits="0" branch="false"/>
            <line number="60" hits="0" branch="false"/>
            <line number="69" hits="0" branch="false"/>
            <line number="72" hits="0" branch="false"/>
            <line number="73" hits="0" branch="false"/>
            <line number="75" hits="0" branch="false"/>
            <line number="76" hits="0" branch="false"/>
            <line number="77" hits="0" branch="false"/>
            <line number="78" hits="0" branch="false"/>
            <line number="81" hits="0" branch="false"/>
            <line number="82" hits="0" branch="true" condition-coverage="0% (0/2)"/>
            <line number="83" hits="0" branch="false"/>
            <line number="85" hits="0" branch="false"/>
            <line number="88" hits="0" branch="false"/>
            <line number="89" hits="0" branch="false"/>
            <line number="90" hits="0" branch="false"/>
            <line number="93" hits="0" branch="false"/>
            <line number="94" hits="0" branch="true" condition-coverage="0% (0/2)"/>
            <line number="95" hits="0" branch="false"/>
            <line number="96" hits="0" branch="false"/>
            <line number="98" hits="0" branch="false"/>
            <line number="101" hits="0" branch="false"/>
            <line number="102" hits="0" branch="true" condition-coverage="0% (0/2)"/>
            <line number="103" hits="0" branch="true" condition-coverage="0% (0/2)"/>
            <line number="105" hits="0" branch="false"/>
            <line number="108" hits="0" branch="false"/>
            <line number="109" hits="0" branch="false"/>
            <line number="110" hits="0" branch="false"/>
            <line number="112" hits="0" branch="false"/>
            <line number="113" hits="0" branch="false"/>
            <line number="114" hits="0" branch="false"/>
            <line number="116" hits="0" branch="false"/>
            <line number="117" hits="0" branch="false"/>
            <line number="118" hits="0" branch="false"/>
            <line number="120" hits="0" branch="false"/>
            <line number="121" hits="0" branch="false"/>
            <line number="123" hits="0" branch="false"/>
            <line number="125" hits="0" branch="false"/>
            <line number="126" hits="0" branch="false"/>
            <line number="128" hits="0" branch="false"/>
            <line number="129" hits="0" branch="false"/>
            <line number="131" hits="0" branch="false"/>
            <line number="132" hits="0" branch="false"/>
            <line number="135" hits="0" branch="false"/>
            <line number="136" hits="0" branch="false"/>
            <line number="139" hits="0" branch="false"/>
            <line number="143" hits="1" branch="false"/>
            <line number="144" hits="0" branch="false"/>
            <line number="147" hits="0" branch="false"/>
            <line number="152" hits="1" branch="false"/>
            <line number="153" hits="0" branch="false"/>
            <line number="154" hits="0" branch="false"/>
            <line number="155" hits="0" branch="false"/>
            <line number="157" hits="0" branch="false"/>
            <line number="158" hits="0" branch="false"/>
            <line number="159" hits="0" branch="false"/>
            <line number="160" hits="0" branch="false"/>
            <line number="161" hits="0" branch="false"/>
            <line number="163" hits="0" branch="false"/>
            <line number="189" hits="0" branch="false"/>
            <line number="190" hits="0" branch="false"/>
            <line number="192" hits="0" branch="false"/>
            <line number="193" hits="0" branch="false"/>
            <line number="195" hits="0" branch="false"/>
            <line number="196" hits="0" branch="false"/>
            <line number="198" hits="0" branch="false"/>
            <line number="199" hits="0" branch="false"/>
            <line number="211" hits="0" branch="false"/>
            <line number="213" hits="0" branch="false"/>
            <line number="214" hits="0" branch="false"/>
            <line number="217" hits="0" branch="false"/>
            <line number="218" hits="0" branch="true" condition-coverage="0% (0/2)"/>
            <line number="219" hits="0" branch="false"/>
            <line number="221" hits="0" branch="false"/>
            <line number="225" hits="0" branch="false"/>
            <line number="226" hits="0" branch="false"/>
            <line number="227" hits="0" branch="true" condition-coverage="0% (0/2)"/>
            <line number="229" hits="0" branch="false"/>
            <line number="230" hits="0" branch="true" condition-coverage="0% (0/2)"/>
            <line number="231" hits="0" branch="false"/>
            <line number="232" hits="0" branch="true" condition-coverage="0% (0/4)"/>
            <line number="233" hits="0" branch="false"/>
            <line number="234" hits="0" branch="false"/>
            <line number="235" hits="0" branch="false"/>
            <line number="237" hits="0" branch="true" condition-coverage="0% (0/2)"/>
            <line number="238" hits="0" branch="true" condition-coverage="0% (0/2)"/>
            <line number="239" hits="0" branch="true" condition-coverage="0% (0/2)"/>
            <line number="240" hits="0" branch="false"/>
            <line number="241" hits="0" branch="true" condition-coverage="0% (0/2)"/>
            <line number="242" hits="0" branch="false"/>
            <line number="243" hits="0" branch="true" condition-coverage="0% (0/2)"/>
            <line number="244" hits="0" branch="false"/>
            <line number="248" hits="0" branch="false"/>
            <line number="249" hits="0" branch="false"/>
          </lines>
        </class>
        <class name="create-editor.js" filename="src/app/create-editor.js" line-rate="0" branch-rate="0">
          <methods>
            <method name="createEditorAsync" hits="0" signature="()V">
              <lines>
                <line number="26" hits="0"/>
              </lines>
            </method>
            <method name="(anonymous_1)" hits="0" signature="()V">
              <lines>
                <line number="27" hits="0"/>
              </lines>
            </method>
            <method name="(anonymous_2)" hits="0" signature="()V">
              <lines>
                <line number="35" hits="0"/>
              </lines>
            </method>
            <method name="(anonymous_3)" hits="0" signature="()V">
              <lines>
                <line number="42" hits="0"/>
              </lines>
            </method>
            <method name="(anonymous_4)" hits="0" signature="()V">
              <lines>
                <line number="56" hits="0"/>
              </lines>
            </method>
            <method name="(anonymous_5)" hits="0" signature="()V">
              <lines>
                <line number="59" hits="0"/>
              </lines>
            </method>
            <method name="(anonymous_6)" hits="0" signature="()V">
              <lines>
                <line number="72" hits="0"/>
              </lines>
            </method>
            <method name="(anonymous_7)" hits="0" signature="()V">
              <lines>
                <line number="77" hits="0"/>
              </lines>
            </method>
            <method name="(anonymous_8)" hits="0" signature="()V">
              <lines>
                <line number="85" hits="0"/>
              </lines>
            </method>
            <method name="(anonymous_9)" hits="0" signature="()V">
              <lines>
                <line number="96" hits="0"/>
              </lines>
            </method>
            <method name="(anonymous_10)" hits="0" signature="()V">
              <lines>
                <line number="109" hits="0"/>
              </lines>
            </method>
            <method name="(anonymous_11)" hits="0" signature="()V">
              <lines>
                <line number="112" hits="0"/>
              </lines>
            </method>
            <method name="(anonymous_12)" hits="0" signature="()V">
              <lines>
                <line number="115" hits="0"/>
              </lines>
            </method>
            <method name="(anonymous_13)" hits="0" signature="()V">
              <lines>
                <line number="119" hits="0"/>
              </lines>
            </method>
          </methods>
          <lines>
            <line number="27" hits="0" branch="false"/>
            <line number="28" hits="0" branch="false"/>
            <line number="31" hits="0" branch="false"/>
            <line number="34" hits="0" branch="false"/>
            <line number="36" hits="0" branch="false"/>
            <line number="42" hits="0" branch="false"/>
            <line number="44" hits="0" branch="false"/>
            <line number="53" hits="0" branch="false"/>
            <line number="56" hits="0" branch="false"/>
            <line number="57" hits="0" branch="false"/>
            <line number="59" hits="0" branch="false"/>
            <line number="60" hits="0" branch="false"/>
            <line number="61" hits="0" branch="false"/>
            <line number="62" hits="0" branch="false"/>
            <line number="65" hits="0" branch="false"/>
            <line number="66" hits="0" branch="true" condition-coverage="0% (0/2)"/>
            <line number="67" hits="0" branch="false"/>
            <line number="69" hits="0" branch="false"/>
            <line number="72" hits="0" branch="false"/>
            <line number="73" hits="0" branch="false"/>
            <line number="74" hits="0" branch="false"/>
            <line number="77" hits="0" branch="false"/>
            <line number="78" hits="0" branch="true" condition-coverage="0% (0/2)"/>
            <line number="79" hits="0" branch="false"/>
            <line number="80" hits="0" branch="false"/>
            <line number="82" hits="0" branch="false"/>
            <line number="85" hits="0" branch="false"/>
            <line number="86" hits="0" branch="true" condition-coverage="0% (0/2)"/>
            <line number="87" hits="0" branch="true" condition-coverage="0% (0/2)"/>
            <line number="89" hits="0" branch="false"/>
            <line number="92" hits="0" branch="false"/>
            <line number="93" hits="0" branch="false"/>
            <line number="94" hits="0" branch="false"/>
            <line number="96" hits="0" branch="false"/>
            <line number="97" hits="0" branch="false"/>
            <line number="98" hits="0" branch="false"/>
            <line number="100" hits="0" branch="false"/>
            <line number="101" hits="0" branch="false"/>
            <line number="102" hits="0" branch="false"/>
            <line number="104" hits="0" branch="false"/>
            <line number="105" hits="0" branch="false"/>
            <line number="107" hits="0" branch="false"/>
            <line number="109" hits="0" branch="false"/>
            <line number="110" hits="0" branch="false"/>
            <line number="112" hits="0" branch="false"/>
            <line number="113" hits="0" branch="false"/>
            <line number="115" hits="0" branch="false"/>
            <line number="116" hits="0" branch="false"/>
            <line number="119" hits="0" branch="false"/>
            <line number="120" hits="0" branch="false"/>
            <line number="123" hits="0" branch="false"/>
          </lines>
        </class>
        <class name="create-param-url.js" filename="src/app/create-param-url.js" line-rate="1" branch-rate="1">
          <methods>
            <method name="createParamsUrl" hits="2" signature="()V">
              <lines>
                <line number="3" hits="2"/>
              </lines>
            </method>
            <method name="(anonymous_1)" hits="4" signature="()V">
              <lines>
                <line number="6" hits="4"/>
              </lines>
            </method>
          </methods>
          <lines>
            <line number="4" hits="2" branch="false"/>
            <line number="7" hits="4" branch="false"/>
          </lines>
        </class>
        <class name="fitness.js" filename="src/app/fitness.js" line-rate="0" branch-rate="0">
          <methods>
            <method name="calculateFitness" hits="0" signature="()V">
              <lines>
                <line number="64" hits="0"/>
              </lines>
            </method>
            <method name="(anonymous_1)" hits="0" signature="()V">
              <lines>
                <line number="72" hits="0"/>
              </lines>
            </method>
            <method name="(anonymous_2)" hits="0" signature="()V">
              <lines>
                <line number="75" hits="0"/>
              </lines>
            </method>
            <method name="makeAverageResult" hits="0" signature="()V">
              <lines>
                <line number="95" hits="0"/>
              </lines>
            </method>
            <method name="(anonymous_4)" hits="0" signature="()V">
              <lines>
                <line number="97" hits="0"/>
              </lines>
            </method>
            <method name="doFitnessSuite" hits="0" signature="()V">
              <lines>
                <line number="111" hits="0"/>
              </lines>
            </method>
            <method name="(anonymous_6)" hits="0" signature="()V">
              <lines>
                <line number="121" hits="0"/>
              </lines>
            </method>
            <method name="(anonymous_7)" hits="0" signature="()V">
              <lines>
                <line number="122" hits="0"/>
              </lines>
            </method>
            <method name="(anonymous_8)" hits="0" signature="()V">
              <lines>
                <line number="140" hits="0"/>
              </lines>
            </method>
            <method name="fitnessSuite" hits="0" signature="()V">
              <lines>
                <line number="154" hits="0"/>
              </lines>
            </method>
            <method name="(anonymous_10)" hits="0" signature="()V">
              <lines>
                <line number="160" hits="0"/>
              </lines>
            </method>
          </methods>
          <lines>
            <line number="24" hits="0" branch="false"/>
            <line number="65" hits="0" branch="false"/>
            <line number="66" hits="0" branch="false"/>
            <line number="68" hits="0" branch="false"/>
            <line number="69" hits="0" branch="false"/>
            <line number="70" hits="0" branch="false"/>
            <line number="72" hits="0" branch="false"/>
            <line number="73" hits="0" branch="false"/>
            <line number="75" hits="0" branch="false"/>
            <line number="76" hits="0" branch="false"/>
            <line number="77" hits="0" branch="false"/>
            <line number="78" hits="0" branch="false"/>
            <line number="81" hits="0" branch="false"/>
            <line number="83" hits="0" branch="true" condition-coverage="0% (0/2)"/>
            <line number="84" hits="0" branch="false"/>
            <line number="86" hits="0" branch="false"/>
            <line number="96" hits="0" branch="false"/>
            <line number="97" hits="0" branch="false"/>
            <line number="98" hits="0" branch="false"/>
            <line number="99" hits="0" branch="false"/>
            <line number="101" hits="0" branch="false"/>
            <line number="112" hits="0" branch="false"/>
            <line number="113" hits="0" branch="false"/>
            <line number="115" hits="0" branch="false"/>
            <line number="117" hits="0" branch="false"/>
            <line number="118" hits="0" branch="false"/>
            <line number="120" hits="0" branch="false"/>
            <line number="121" hits="0" branch="false"/>
            <line number="122" hits="0" branch="false"/>
            <line number="123" hits="0" branch="false"/>
            <line number="124" hits="0" branch="true" condition-coverage="0% (0/2)"/>
            <line number="125" hits="0" branch="false"/>
            <line number="126" hits="0" branch="false"/>
            <line number="128" hits="0" branch="false"/>
            <line number="130" hits="0" branch="true" condition-coverage="0% (0/2)"/>
            <line number="131" hits="0" branch="false"/>
            <line number="133" hits="0" branch="false"/>
            <line number="135" hits="0" branch="true" condition-coverage="0% (0/2)"/>
            <line number="136" hits="0" branch="false"/>
            <line number="140" hits="0" branch="false"/>
            <line number="141" hits="0" branch="false"/>
            <line number="144" hits="0" branch="false"/>
            <line number="155" hits="0" branch="true" condition-coverage="0% (0/4)"/>
            <line number="157" hits="0" branch="false"/>
            <line number="158" hits="0" branch="false"/>
            <line number="159" hits="0" branch="false"/>
            <line number="160" hits="0" branch="false"/>
            <line number="161" hits="0" branch="false"/>
            <line number="162" hits="0" branch="false"/>
            <line number="163" hits="0" branch="false"/>
            <line number="165" hits="0" branch="false"/>
            <line number="167" hits="0" branch="false"/>
            <line number="171" hits="0" branch="false"/>
            <line number="172" hits="0" branch="false"/>
          </lines>
        </class>
        <class name="fitnessworker.js" filename="src/app/fitnessworker.js" line-rate="0.4285" branch-rate="1">
          <methods>
            <method name="(anonymous_0)" hits="0" signature="()V">
              <lines>
                <line number="4" hits="0"/>
              </lines>
            </method>
          </methods>
          <lines>
            <line number="1" hits="1" branch="false"/>
            <line number="2" hits="1" branch="false"/>
            <line number="4" hits="1" branch="false"/>
            <line number="6" hits="0" branch="false"/>
            <line number="7" hits="0" branch="false"/>
            <line number="8" hits="0" branch="false"/>
            <line number="9" hits="0" branch="false"/>
          </lines>
        </class>
        <class name="simulation.js" filename="src/app/simulation.js" line-rate="0.9565" branch-rate="0.9">
          <methods>
            <method name="(anonymous_0)" hits="8" signature="()V">
              <lines>
                <line number="28" hits="8"/>
              </lines>
            </method>
            <method name="(anonymous_1)" hits="0" signature="()V">
              <lines>
                <line number="64" hits="0"/>
              </lines>
            </method>
            <method name="(anonymous_2)" hits="2" signature="()V">
              <lines>
                <line number="73" hits="2"/>
              </lines>
            </method>
            <method name="(anonymous_3)" hits="5" signature="()V">
              <lines>
                <line number="86" hits="5"/>
              </lines>
            </method>
            <method name="(anonymous_4)" hits="1" signature="()V">
              <lines>
                <line number="115" hits="1"/>
              </lines>
            </method>
            <method name="(anonymous_5)" hits="2" signature="()V">
              <lines>
                <line number="128" hits="2"/>
              </lines>
            </method>
          </methods>
          <lines>
            <line number="45" hits="8" branch="false"/>
            <line number="46" hits="8" branch="false"/>
            <line number="47" hits="8" branch="false"/>
            <line number="48" hits="8" branch="false"/>
            <line number="49" hits="8" branch="false"/>
            <line number="50" hits="8" branch="false"/>
            <line number="51" hits="8" branch="false"/>
            <line number="52" hits="8" branch="false"/>
            <line number="53" hits="8" branch="false"/>
            <line number="54" hits="8" branch="false"/>
            <line number="55" hits="8" branch="false"/>
            <line number="56" hits="8" branch="false"/>
            <line number="57" hits="8" branch="false"/>
            <line number="58" hits="8" branch="false"/>
            <line number="59" hits="8" branch="false"/>
            <line number="60" hits="8" branch="false"/>
            <line number="62" hits="8" branch="false"/>
            <line number="63" hits="8" branch="false"/>
            <line number="64" hits="8" branch="false"/>
            <line number="65" hits="0" branch="false"/>
            <line number="66" hits="0" branch="false"/>
            <line number="74" hits="2" branch="true" condition-coverage="100% (4/4)"/>
            <line number="75" hits="1" branch="false"/>
            <line number="77" hits="1" branch="false"/>
            <line number="87" hits="5" branch="true" condition-coverage="100% (2/2)"/>
            <line number="88" hits="1" branch="false"/>
            <line number="91" hits="5" branch="false"/>
            <line number="92" hits="5" branch="false"/>
            <line number="93" hits="5" branch="false"/>
            <line number="95" hits="5" branch="false"/>
            <line number="96" hits="5" branch="false"/>
            <line number="97" hits="5" branch="false"/>
            <line number="106" hits="5" branch="false"/>
            <line number="115" hits="5" branch="false"/>
            <line number="116" hits="1" branch="false"/>
            <line number="117" hits="1" branch="false"/>
            <line number="128" hits="5" branch="false"/>
            <line number="129" hits="2" branch="false"/>
            <line number="130" hits="2" branch="true" condition-coverage="50% (1/2)"/>
            <line number="131" hits="2" branch="false"/>
            <line number="132" hits="2" branch="false"/>
            <line number="133" hits="2" branch="true" condition-coverage="100% (2/2)"/>
            <line number="134" hits="1" branch="false"/>
            <line number="143" hits="1" branch="false"/>
            <line number="155" hits="5" branch="false"/>
            <line number="156" hits="5" branch="false"/>
          </lines>
        </class>
        <class name="types.js" filename="src/app/types.js" line-rate="1" branch-rate="1">
          <methods>
          </methods>
          <lines>
            <line number="1" hits="1" branch="false"/>
          </lines>
        </class>
      </classes>
    </package>
    <package name="src.app.challenges" line-rate="1" branch-rate="1">
      <classes>
        <class name="index.js" filename="src/app/challenges/index.js" line-rate="1" branch-rate="1">
          <methods>
          </methods>
          <lines>
            <line number="22" hits="1" branch="false"/>
          </lines>
        </class>
        <class name="require-demo.js" filename="src/app/challenges/require-demo.js" line-rate="1" branch-rate="1">
          <methods>
            <method name="requireDemo" hits="4" signature="()V">
              <lines>
                <line number="5" hits="4"/>
              </lines>
            </method>
            <method name="(anonymous_1)" hits="1" signature="()V">
              <lines>
                <line number="8" hits="1"/>
              </lines>
            </method>
          </methods>
          <lines>
            <line number="6" hits="4" branch="false"/>
            <line number="9" hits="1" branch="false"/>
          </lines>
        </class>
        <class name="require-user-count-with-max-wait-time.js" filename="src/app/challenges/require-user-count-with-max-wait-time.js" line-rate="1" branch-rate="1">
          <methods>
            <method name="requireUserCountWithMaxWaitTime" hits="14" signature="()V">
              <lines>
                <line number="8" hits="14"/>
              </lines>
            </method>
            <method name="(anonymous_1)" hits="6" signature="()V">
              <lines>
                <line number="16" hits="6"/>
              </lines>
            </method>
          </methods>
          <lines>
            <line number="9" hits="14" branch="false"/>
            <line number="17" hits="6" branch="true" condition-coverage="100% (4/4)"/>
            <line number="18" hits="5" branch="true" condition-coverage="100% (2/2)"/>
            <line number="20" hits="1" branch="false"/>
          </lines>
        </class>
        <class name="require-user-count-within-moves.js" filename="src/app/challenges/require-user-count-within-moves.js" line-rate="1" branch-rate="1">
          <methods>
            <method name="requireUserCountWithinMoves" hits="10" signature="()V">
              <lines>
                <line number="7" hits="10"/>
              </lines>
            </method>
            <method name="(anonymous_1)" hits="7" signature="()V">
              <lines>
                <line number="15" hits="7"/>
              </lines>
            </method>
          </methods>
          <lines>
            <line number="8" hits="10" branch="false"/>
            <line number="16" hits="7" branch="true" condition-coverage="100% (4/4)"/>
            <line number="17" hits="6" branch="true" condition-coverage="100% (2/2)"/>
            <line number="19" hits="1" branch="false"/>
          </lines>
        </class>
        <class name="require-user-count-within-time-with-max-wait-time.js" filename="src/app/challenges/require-user-count-within-time-with-max-wait-time.js" line-rate="1" branch-rate="1">
          <methods>
            <method name="requireUserCountWithinTimeWithMaxWaitTime" hits="12" signature="()V">
              <lines>
                <line number="8" hits="12"/>
              </lines>
            </method>
            <method name="(anonymous_1)" hits="10" signature="()V">
              <lines>
                <line number="18" hits="10"/>
              </lines>
            </method>
          </methods>
          <lines>
            <line number="9" hits="12" branch="false"/>
            <line number="19" hits="10" branch="true" condition-coverage="100% (5/5)"/>
            <line number="20" hits="9" branch="false"/>
            <line number="24" hits="1" branch="false"/>
          </lines>
        </class>
        <class name="require-user-count-within-time.js" filename="src/app/challenges/require-user-count-within-time.js" line-rate="1" branch-rate="1">
          <methods>
            <method name="requireUserCountWithinTime" hits="16" signature="()V">
              <lines>
                <line number="7" hits="16"/>
              </lines>
            </method>
            <method name="(anonymous_1)" hits="7" signature="()V">
              <lines>
                <line number="15" hits="7"/>
              </lines>
            </method>
          </methods>
          <lines>
            <line number="8" hits="16" branch="false"/>
            <line number="16" hits="7" branch="true" condition-coverage="100% (4/4)"/>
            <line number="17" hits="6" branch="true" condition-coverage="100% (2/2)"/>
            <line number="19" hits="1" branch="false"/>
          </lines>
        </class>
      </classes>
    </package>
    <package name="src.app.fitness" line-rate="0.6875" branch-rate="1">
      <classes>
        <class name="calculate-fitness.js" filename="src/app/fitness/calculate-fitness.js" line-rate="0.6428" branch-rate="1">
          <methods>
            <method name="calculateFitness" hits="4" signature="()V">
              <lines>
                <line number="18" hits="4"/>
              </lines>
            </method>
            <method name="(anonymous_1)" hits="0" signature="()V">
              <lines>
                <line number="25" hits="0"/>
              </lines>
            </method>
            <method name="(anonymous_2)" hits="0" signature="()V">
              <lines>
                <line number="28" hits="0"/>
              </lines>
            </method>
          </methods>
          <lines>
            <line number="19" hits="4" branch="false"/>
            <line number="20" hits="4" branch="false"/>
            <line number="22" hits="4" branch="false"/>
            <line number="23" hits="4" branch="false"/>
            <line number="25" hits="4" branch="false"/>
            <line number="26" hits="0" branch="false"/>
            <line number="28" hits="4" branch="false"/>
            <line number="29" hits="0" branch="false"/>
            <line number="30" hits="0" branch="false"/>
            <line number="31" hits="0" branch="false"/>
            <line number="34" hits="4" branch="false"/>
            <line number="36" hits="4" branch="true" condition-coverage="100% (2/2)"/>
            <line number="37" hits="0" branch="false"/>
            <line number="39" hits="4" branch="false"/>
          </lines>
        </class>
        <class name="index.js" filename="src/app/fitness/index.js" line-rate="0" branch-rate="0">
          <methods>
          </methods>
          <lines>
          </lines>
        </class>
        <class name="require-nothing.js" filename="src/app/fitness/require-nothing.js" line-rate="1" branch-rate="1">
          <methods>
            <method name="requireNothing" hits="3" signature="()V">
              <lines>
                <line number="6" hits="3"/>
              </lines>
            </method>
            <method name="(anonymous_1)" hits="1" signature="()V">
              <lines>
                <line number="9" hits="1"/>
              </lines>
            </method>
          </methods>
          <lines>
            <line number="7" hits="3" branch="false"/>
            <line number="10" hits="1" branch="false"/>
          </lines>
        </class>
      </classes>
    </package>
    <package name="src.app.presenters" line-rate="0.9695999999999999" branch-rate="0.8636">
      <classes>
        <class name="clear-all.js" filename="src/app/presenters/clear-all.js" line-rate="1" branch-rate="1">
          <methods>
            <method name="clearAll" hits="4" signature="()V">
              <lines>
                <line number="8" hits="4"/>
              </lines>
            </method>
            <method name="(anonymous_1)" hits="4" signature="()V">
              <lines>
                <line number="9" hits="4"/>
              </lines>
            </method>
          </methods>
          <lines>
            <line number="9" hits="4" branch="false"/>
            <line number="10" hits="4" branch="false"/>
          </lines>
        </class>
        <class name="index.js" filename="src/app/presenters/index.js" line-rate="0" branch-rate="0">
          <methods>
          </methods>
          <lines>
          </lines>
        </class>
        <class name="make-demo-fullscreen.js" filename="src/app/presenters/make-demo-fullscreen.js" line-rate="1" branch-rate="1">
          <methods>
            <method name="makeDemoFullscreen" hits="2" signature="()V">
              <lines>
                <line number="6" hits="2"/>
              </lines>
            </method>
          </methods>
          <lines>
            <line number="7" hits="2" branch="false"/>
            <line number="8" hits="2" branch="false"/>
          </lines>
        </class>
        <class name="present-challenge.js" filename="src/app/presenters/present-challenge.js" line-rate="1" branch-rate="0.6666">
          <methods>
            <method name="presentChallenge" hits="5" signature="()V">
              <lines>
                <line number="15" hits="5"/>
              </lines>
            </method>
            <method name="(anonymous_1)" hits="1" signature="()V">
              <lines>
                <line number="30" hits="1"/>
              </lines>
            </method>
            <method name="(anonymous_2)" hits="2" signature="()V">
              <lines>
                <line number="33" hits="2"/>
              </lines>
            </method>
            <method name="(anonymous_3)" hits="1" signature="()V">
              <lines>
                <line number="40" hits="1"/>
              </lines>
            </method>
          </methods>
          <lines>
            <line number="16" hits="5" branch="false"/>
            <line number="28" hits="5" branch="false"/>
            <line number="30" hits="5" branch="false"/>
            <line number="31" hits="1" branch="false"/>
            <line number="33" hits="5" branch="false"/>
            <line number="34" hits="2" branch="false"/>
            <line number="35" hits="2" branch="true" condition-coverage="100% (2/2)"/>
            <line number="36" hits="1" branch="false"/>
            <line number="37" hits="1" branch="false"/>
            <line number="40" hits="5" branch="false"/>
            <line number="41" hits="1" branch="false"/>
            <line number="42" hits="1" branch="false"/>
            <line number="43" hits="1" branch="false"/>
          </lines>
        </class>
        <class name="present-code-status.js" filename="src/app/presenters/present-code-status.js" line-rate="1" branch-rate="1">
          <methods>
            <method name="presentCodeStatus" hits="5" signature="()V">
              <lines>
                <line number="10" hits="5"/>
              </lines>
            </method>
          </methods>
          <lines>
            <line number="11" hits="5" branch="true" condition-coverage="100% (2/2)"/>
            <line number="12" hits="3" branch="false"/>
            <line number="15" hits="5" branch="true" condition-coverage="100% (2/2)"/>
            <line number="16" hits="5" branch="true" condition-coverage="100% (2/2)"/>
            <line number="17" hits="5" branch="false"/>
            <line number="18" hits="5" branch="true" condition-coverage="100% (4/4)"/>
            <line number="19" hits="1" branch="false"/>
            <line number="20" hits="1" branch="false"/>
            <line number="22" hits="5" branch="false"/>
            <line number="27" hits="5" branch="false"/>
          </lines>
        </class>
        <class name="present-feedback.js" filename="src/app/presenters/present-feedback.js" line-rate="1" branch-rate="1">
          <methods>
            <method name="presentFeedback" hits="3" signature="()V">
              <lines>
                <line number="16" hits="3"/>
              </lines>
            </method>
          </methods>
          <lines>
            <line number="17" hits="3" branch="false"/>
            <line number="25" hits="3" branch="true" condition-coverage="100% (2/2)"/>
            <line number="26" hits="1" branch="false"/>
          </lines>
        </class>
        <class name="present-stats.js" filename="src/app/presenters/present-stats.js" line-rate="1" branch-rate="1">
          <methods>
            <method name="presentStats" hits="3" signature="()V">
              <lines>
                <line number="17" hits="3"/>
              </lines>
            </method>
            <method name="updateStats" hits="4" signature="()V">
              <lines>
                <line number="25" hits="4"/>
              </lines>
            </method>
          </methods>
          <lines>
            <line number="18" hits="3" branch="false"/>
            <line number="19" hits="3" branch="false"/>
            <line number="20" hits="3" branch="false"/>
            <line number="21" hits="3" branch="false"/>
            <line number="22" hits="3" branch="false"/>
            <line number="23" hits="3" branch="false"/>
            <line number="25" hits="3" branch="false"/>
            <line number="26" hits="4" branch="false"/>
            <line number="27" hits="4" branch="false"/>
            <line number="28" hits="4" branch="false"/>
            <line number="29" hits="4" branch="false"/>
            <line number="30" hits="4" branch="false"/>
            <line number="31" hits="4" branch="false"/>
            <line number="33" hits="3" branch="false"/>
          </lines>
        </class>
        <class name="present-world.js" filename="src/app/presenters/present-world.js" line-rate="0.88" branch-rate="0.5">
          <methods>
            <method name="presentWorld" hits="6" signature="()V">
              <lines>
                <line number="26" hits="6"/>
              </lines>
            </method>
            <method name="(anonymous_1)" hits="12" signature="()V">
              <lines>
                <line number="30" hits="12"/>
              </lines>
            </method>
            <method name="(anonymous_2)" hits="0" signature="()V">
              <lines>
                <line number="34" hits="0"/>
              </lines>
            </method>
            <method name="(anonymous_3)" hits="1" signature="()V">
              <lines>
                <line number="38" hits="1"/>
              </lines>
            </method>
            <method name="(anonymous_4)" hits="1" signature="()V">
              <lines>
                <line number="41" hits="1"/>
              </lines>
            </method>
            <method name="(anonymous_5)" hits="12" signature="()V">
              <lines>
                <line number="51" hits="12"/>
              </lines>
            </method>
            <method name="(anonymous_6)" hits="2" signature="()V">
              <lines>
                <line number="56" hits="2"/>
              </lines>
            </method>
            <method name="(anonymous_7)" hits="1" signature="()V">
              <lines>
                <line number="60" hits="1"/>
              </lines>
            </method>
            <method name="(anonymous_8)" hits="0" signature="()V">
              <lines>
                <line number="63" hits="0"/>
              </lines>
            </method>
          </methods>
          <lines>
            <line number="27" hits="6" branch="false"/>
            <line number="29" hits="6" branch="false"/>
            <line number="31" hits="12" branch="false"/>
            <line number="32" hits="12" branch="false"/>
            <line number="33" hits="12" branch="false"/>
            <line number="34" hits="12" branch="false"/>
            <line number="35" hits="0" branch="false"/>
            <line number="36" hits="0" branch="false"/>
            <line number="38" hits="12" branch="false"/>
            <line number="39" hits="1" branch="false"/>
            <line number="41" hits="12" branch="false"/>
            <line number="42" hits="1" branch="false"/>
            <line number="44" hits="12" branch="false"/>
            <line number="47" hits="6" branch="false"/>
            <line number="48" hits="6" branch="false"/>
            <line number="50" hits="6" branch="false"/>
            <line number="52" hits="12" branch="false"/>
            <line number="56" hits="6" branch="false"/>
            <line number="57" hits="2" branch="true" condition-coverage="50% (1/2)"/>
            <line number="58" hits="2" branch="false"/>
            <line number="60" hits="2" branch="false"/>
            <line number="61" hits="1" branch="false"/>
            <line number="63" hits="2" branch="false"/>
            <line number="64" hits="0" branch="false"/>
            <line number="66" hits="2" branch="false"/>
          </lines>
        </class>
        <class name="render-elevator-buttons.js" filename="src/app/presenters/render-elevator-buttons.js" line-rate="1" branch-rate="1">
          <methods>
            <method name="renderElevatorButtons" hits="3" signature="()V">
              <lines>
                <line number="15" hits="3"/>
              </lines>
            </method>
            <method name="(anonymous_1)" hits="7" signature="()V">
              <lines>
                <line number="17" hits="7"/>
              </lines>
            </method>
          </methods>
          <lines>
            <line number="17" hits="3" branch="false"/>
            <line number="18" hits="7" branch="false"/>
          </lines>
        </class>
        <class name="set-transform-position.js" filename="src/app/presenters/set-transform-position.js" line-rate="1" branch-rate="1">
          <methods>
            <method name="setTransformPosition" hits="4" signature="()V">
              <lines>
                <line number="9" hits="4"/>
              </lines>
            </method>
          </methods>
          <lines>
            <line number="10" hits="4" branch="false"/>
            <line number="11" hits="4" branch="false"/>
            <line number="12" hits="4" branch="false"/>
            <line number="13" hits="4" branch="false"/>
          </lines>
        </class>
        <class name="set-up-elevator.js" filename="src/app/presenters/set-up-elevator.js" line-rate="1" branch-rate="1">
          <methods>
            <method name="setUpElevator" hits="4" signature="()V">
              <lines>
                <line number="22" hits="4"/>
              </lines>
            </method>
            <method name="(anonymous_1)" hits="12" signature="()V">
              <lines>
                <line number="26" hits="12"/>
              </lines>
            </method>
            <method name="(anonymous_2)" hits="1" signature="()V">
              <lines>
                <line number="31" hits="1"/>
              </lines>
            </method>
            <method name="updateElevatorPosition" hits="1" signature="()V">
              <lines>
                <line number="34" hits="1"/>
              </lines>
            </method>
            <method name="update_current_floor" hits="1" signature="()V">
              <lines>
                <line number="37" hits="1"/>
              </lines>
            </method>
            <method name="update_floor_buttons" hits="1" signature="()V">
              <lines>
                <line number="40" hits="1"/>
              </lines>
            </method>
            <method name="indicatorstate_change" hits="1" signature="()V">
              <lines>
                <line number="43" hits="1"/>
              </lines>
            </method>
          </methods>
          <lines>
            <line number="23" hits="4" branch="false"/>
            <line number="24" hits="4" branch="false"/>
            <line number="25" hits="4" branch="false"/>
            <line number="26" hits="4" branch="false"/>
            <line number="27" hits="12" branch="false"/>
            <line number="29" hits="4" branch="false"/>
            <line number="31" hits="4" branch="false"/>
            <line number="32" hits="1" branch="false"/>
            <line number="34" hits="4" branch="false"/>
            <line number="35" hits="1" branch="false"/>
            <line number="37" hits="4" branch="false"/>
            <line number="38" hits="1" branch="false"/>
            <line number="40" hits="4" branch="false"/>
            <line number="41" hits="1" branch="false"/>
            <line number="43" hits="4" branch="false"/>
            <line number="44" hits="1" branch="false"/>
            <line number="45" hits="1" branch="false"/>
            <line number="47" hits="4" branch="false"/>
            <line number="48" hits="4" branch="false"/>
            <line number="49" hits="4" branch="false"/>
            <line number="51" hits="4" branch="false"/>
          </lines>
        </class>
        <class name="update-user-state.js" filename="src/app/presenters/update-user-state.js" line-rate="1" branch-rate="1">
          <methods>
            <method name="updateUserState" hits="3" signature="()V">
              <lines>
                <line number="13" hits="3"/>
              </lines>
            </method>
          </methods>
          <lines>
            <line number="14" hits="3" branch="false"/>
            <line number="15" hits="3" branch="true" condition-coverage="100% (2/2)"/>
            <line number="16" hits="1" branch="false"/>
          </lines>
        </class>
      </classes>
    </package>
    <package name="src.models" line-rate="0.8608" branch-rate="0.715">
      <classes>
        <class name="console.js" filename="src/models/console.js" line-rate="0" branch-rate="0">
          <methods>
            <method name="(anonymous_0)" hits="0" signature="()V">
              <lines>
                <line number="2" hits="0"/>
              </lines>
            </method>
            <method name="(anonymous_1)" hits="0" signature="()V">
              <lines>
                <line number="3" hits="0"/>
              </lines>
            </method>
          </methods>
          <lines>
            <line number="2" hits="0" branch="false"/>
            <line number="3" hits="0" branch="false"/>
            <line number="4" hits="0" branch="true" condition-coverage="0% (0/2)"/>
            <line number="5" hits="0" branch="false"/>
          </lines>
        </class>
        <class name="elevator-facade.js" filename="src/models/elevator-facade.js" line-rate="0.8" branch-rate="0.6666">
          <methods>
            <method name="(anonymous_0)" hits="12" signature="()V">
              <lines>
                <line number="33" hits="12"/>
              </lines>
            </method>
            <method name="(anonymous_1)" hits="6" signature="()V">
              <lines>
                <line number="45" hits="6"/>
              </lines>
            </method>
            <method name="(anonymous_2)" hits="1" signature="()V">
              <lines>
                <line number="50" hits="1"/>
              </lines>
            </method>
            <method name="(anonymous_3)" hits="4" signature="()V">
              <lines>
                <line number="58" hits="4"/>
              </lines>
            </method>
            <method name="(anonymous_4)" hits="2" signature="()V">
              <lines>
                <line number="61" hits="2"/>
              </lines>
            </method>
            <method name="(anonymous_5)" hits="0" signature="()V">
              <lines>
                <line number="64" hits="0"/>
              </lines>
            </method>
            <method name="(anonymous_6)" hits="9" signature="()V">
              <lines>
                <line number="69" hits="9"/>
              </lines>
            </method>
            <method name="(anonymous_7)" hits="10" signature="()V">
              <lines>
                <line number="83" hits="10"/>
              </lines>
            </method>
            <method name="(anonymous_8)" hits="6" signature="()V">
              <lines>
                <line number="100" hits="6"/>
              </lines>
            </method>
            <method name="(anonymous_9)" hits="4" signature="()V">
              <lines>
                <line number="119" hits="4"/>
              </lines>
            </method>
            <method name="(anonymous_10)" hits="0" signature="()V">
              <lines>
                <line number="132" hits="0"/>
              </lines>
            </method>
            <method name="(anonymous_11)" hits="0" signature="()V">
              <lines>
                <line number="142" hits="0"/>
              </lines>
            </method>
            <method name="(anonymous_12)" hits="0" signature="()V">
              <lines>
                <line number="150" hits="0"/>
              </lines>
            </method>
            <method name="(anonymous_13)" hits="0" signature="()V">
              <lines>
                <line number="158" hits="0"/>
              </lines>
            </method>
            <method name="(anonymous_14)" hits="1" signature="()V">
              <lines>
                <line number="168" hits="1"/>
              </lines>
            </method>
            <method name="(anonymous_15)" hits="3" signature="()V">
              <lines>
                <line number="178" hits="3"/>
              </lines>
            </method>
          </methods>
          <lines>
            <line number="34" hits="12" branch="false"/>
            <line number="35" hits="12" branch="false"/>
            <line number="36" hits="12" branch="false"/>
            <line number="37" hits="12" branch="false"/>
            <line number="40" hits="12" branch="false"/>
            <line number="41" hits="12" branch="false"/>
            <line number="43" hits="12" branch="false"/>
            <line number="45" hits="12" branch="false"/>
            <line number="46" hits="6" branch="true" condition-coverage="100% (4/4)"/>
            <line number="48" hits="3" branch="false"/>
            <line number="49" hits="3" branch="true" condition-coverage="100% (2/2)"/>
            <line number="50" hits="1" branch="false"/>
            <line number="51" hits="1" branch="false"/>
            <line number="54" hits="2" branch="false"/>
            <line number="58" hits="12" branch="false"/>
            <line number="59" hits="4" branch="false"/>
            <line number="61" hits="12" branch="false"/>
            <line number="62" hits="2" branch="false"/>
            <line number="64" hits="12" branch="false"/>
            <line number="65" hits="0" branch="false"/>
            <line number="70" hits="9" branch="false"/>
            <line number="71" hits="9" branch="false"/>
            <line number="73" hits="0" branch="false"/>
            <line number="84" hits="10" branch="true" condition-coverage="50% (1/2)"/>
            <line number="85" hits="10" branch="true" condition-coverage="100% (2/2)"/>
            <line number="86" hits="7" branch="false"/>
            <line number="88" hits="3" branch="false"/>
            <line number="101" hits="6" branch="false"/>
            <line number="103" hits="6" branch="true" condition-coverage="50% (1/2)"/>
            <line number="104" hits="0" branch="true" condition-coverage="0% (0/2)"/>
            <line number="105" hits="0" branch="true" condition-coverage="0% (0/2)"/>
            <line number="106" hits="0" branch="false"/>
            <line number="109" hits="6" branch="true" condition-coverage="50% (1/2)"/>
            <line number="110" hits="6" branch="false"/>
            <line number="120" hits="4" branch="false"/>
            <line number="121" hits="4" branch="true" condition-coverage="50% (1/2)"/>
            <line number="122" hits="4" branch="false"/>
            <line number="133" hits="0" branch="false"/>
            <line number="143" hits="0" branch="false"/>
            <line number="151" hits="0" branch="false"/>
            <line number="159" hits="0" branch="false"/>
            <line number="169" hits="1" branch="false"/>
            <line number="179" hits="3" branch="true" condition-coverage="100% (2/2)"/>
            <line number="180" hits="1" branch="false"/>
            <line number="182" hits="2" branch="true" condition-coverage="100% (2/2)"/>
          </lines>
        </class>
        <class name="elevator.js" filename="src/models/elevator.js" line-rate="0.8686" branch-rate="0.7735">
          <methods>
            <method name="newElevStateHandler" hits="18745" signature="()V">
              <lines>
                <line number="19" hits="18745"/>
              </lines>
            </method>
            <method name="(anonymous_1)" hits="26" signature="()V">
              <lines>
                <line number="54" hits="26"/>
              </lines>
            </method>
            <method name="(anonymous_2)" hits="104" signature="()V">
              <lines>
                <line number="73" hits="104"/>
              </lines>
            </method>
            <method name="(anonymous_3)" hits="104" signature="()V">
              <lines>
                <line number="78" hits="104"/>
              </lines>
            </method>
            <method name="(anonymous_4)" hits="2" signature="()V">
              <lines>
                <line number="86" hits="2"/>
              </lines>
            </method>
            <method name="(anonymous_5)" hits="2" signature="()V">
              <lines>
                <line number="93" hits="2"/>
              </lines>
            </method>
            <method name="(anonymous_6)" hits="56" signature="()V">
              <lines>
                <line number="106" hits="56"/>
              </lines>
            </method>
            <method name="(anonymous_7)" hits="20" signature="()V">
              <lines>
                <line number="120" hits="20"/>
              </lines>
            </method>
            <method name="(anonymous_8)" hits="2" signature="()V">
              <lines>
                <line number="140" hits="2"/>
              </lines>
            </method>
            <method name="(anonymous_9)" hits="0" signature="()V">
              <lines>
                <line number="155" hits="0"/>
              </lines>
            </method>
            <method name="(anonymous_10)" hits="18717" signature="()V">
              <lines>
                <line number="172" hits="18717"/>
              </lines>
            </method>
            <method name="(anonymous_11)" hits="38" signature="()V">
              <lines>
                <line number="237" hits="38"/>
              </lines>
            </method>
            <method name="(anonymous_12)" hits="53" signature="()V">
              <lines>
                <line number="258" hits="53"/>
              </lines>
            </method>
            <method name="(anonymous_13)" hits="0" signature="()V">
              <lines>
                <line number="271" hits="0"/>
              </lines>
            </method>
            <method name="(anonymous_14)" hits="1" signature="()V">
              <lines>
                <line number="289" hits="1"/>
              </lines>
            </method>
            <method name="(anonymous_15)" hits="6" signature="()V">
              <lines>
                <line number="306" hits="6"/>
              </lines>
            </method>
            <method name="(anonymous_16)" hits="178" signature="()V">
              <lines>
                <line number="322" hits="178"/>
              </lines>
            </method>
            <method name="(anonymous_17)" hits="49538" signature="()V">
              <lines>
                <line number="332" hits="49538"/>
              </lines>
            </method>
            <method name="(anonymous_18)" hits="30484" signature="()V">
              <lines>
                <line number="341" hits="30484"/>
              </lines>
            </method>
            <method name="(anonymous_19)" hits="151" signature="()V">
              <lines>
                <line number="350" hits="151"/>
              </lines>
            </method>
            <method name="(anonymous_20)" hits="18789" signature="()V">
              <lines>
                <line number="360" hits="18789"/>
              </lines>
            </method>
            <method name="(anonymous_21)" hits="18903" signature="()V">
              <lines>
                <line number="370" hits="18903"/>
              </lines>
            </method>
            <method name="(anonymous_22)" hits="43" signature="()V">
              <lines>
                <line number="381" hits="43"/>
              </lines>
            </method>
            <method name="(anonymous_23)" hits="44" signature="()V">
              <lines>
                <line number="392" hits="44"/>
              </lines>
            </method>
            <method name="(anonymous_24)" hits="1" signature="()V">
              <lines>
                <line number="403" hits="1"/>
              </lines>
            </method>
            <method name="(anonymous_25)" hits="4" signature="()V">
              <lines>
                <line number="406" hits="4"/>
              </lines>
            </method>
            <method name="(anonymous_26)" hits="0" signature="()V">
              <lines>
                <line number="419" hits="0"/>
              </lines>
            </method>
            <method name="(anonymous_27)" hits="0" signature="()V">
              <lines>
                <line number="432" hits="0"/>
              </lines>
            </method>
            <method name="(anonymous_28)" hits="18745" signature="()V">
              <lines>
                <line number="454" hits="18745"/>
              </lines>
            </method>
          </methods>
          <lines>
            <line number="20" hits="18745" branch="false"/>
            <line number="55" hits="26" branch="false"/>
            <line number="56" hits="26" branch="false"/>
            <line number="57" hits="26" branch="false"/>
            <line number="58" hits="26" branch="false"/>
            <line number="59" hits="26" branch="false"/>
            <line number="60" hits="26" branch="false"/>
            <line number="61" hits="26" branch="false"/>
            <line number="62" hits="26" branch="true" condition-coverage="50% (1/2)"/>
            <line number="63" hits="26" branch="false"/>
            <line number="64" hits="26" branch="false"/>
            <line number="66" hits="26" branch="false"/>
            <line number="68" hits="26" branch="false"/>
            <line number="69" hits="26" branch="false"/>
            <line number="71" hits="26" branch="false"/>
            <line number="72" hits="26" branch="false"/>
            <line number="73" hits="26" branch="false"/>
            <line number="74" hits="104" branch="false"/>
            <line number="76" hits="26" branch="false"/>
            <line number="77" hits="26" branch="false"/>
            <line number="78" hits="26" branch="false"/>
            <line number="79" hits="104" branch="false"/>
            <line number="81" hits="26" branch="false"/>
            <line number="82" hits="26" branch="false"/>
            <line number="84" hits="26" branch="false"/>
            <line number="86" hits="26" branch="false"/>
            <line number="87" hits="2" branch="false"/>
            <line number="93" hits="26" branch="false"/>
            <line number="94" hits="2" branch="false"/>
            <line number="107" hits="56" branch="false"/>
            <line number="108" hits="56" branch="false"/>
            <line number="109" hits="56" branch="false"/>
            <line number="110" hits="56" branch="false"/>
            <line number="121" hits="20" branch="false"/>
            <line number="122" hits="20" branch="false"/>
            <line number="123" hits="70" branch="false"/>
            <line number="124" hits="70" branch="true" condition-coverage="100% (2/2)"/>
            <line number="125" hits="4" branch="false"/>
            <line number="126" hits="4" branch="false"/>
            <line number="129" hits="16" branch="false"/>
            <line number="141" hits="2" branch="false"/>
            <line number="142" hits="2" branch="false"/>
            <line number="143" hits="2" branch="false"/>
            <line number="144" hits="2" branch="true" condition-coverage="50% (1/2)"/>
            <line number="145" hits="2" branch="false"/>
            <line number="146" hits="2" branch="false"/>
            <line number="156" hits="0" branch="false"/>
            <line number="157" hits="0" branch="false"/>
            <line number="158" hits="0" branch="true" condition-coverage="0% (0/2)"/>
            <line number="159" hits="0" branch="false"/>
            <line number="173" hits="18717" branch="true" condition-coverage="100% (2/2)"/>
            <line number="175" hits="66" branch="false"/>
            <line number="179" hits="18651" branch="false"/>
            <line number="182" hits="18651" branch="false"/>
            <line number="184" hits="18651" branch="false"/>
            <line number="185" hits="18651" branch="false"/>
            <line number="186" hits="18651" branch="false"/>
            <line number="187" hits="18651" branch="false"/>
            <line number="188" hits="18651" branch="true" condition-coverage="100% (2/2)"/>
            <line number="189" hits="5729" branch="true" condition-coverage="100% (2/2)"/>
            <line number="191" hits="5676" branch="false"/>
            <line number="192" hits="5676" branch="true" condition-coverage="100% (2/2)"/>
            <line number="195" hits="1648" branch="false"/>
            <line number="196" hits="1648" branch="false"/>
            <line number="197" hits="1648" branch="false"/>
            <line number="200" hits="4028" branch="false"/>
            <line number="201" hits="4028" branch="false"/>
            <line number="203" hits="53" branch="true" condition-coverage="100% (2/2)"/>
            <line number="205" hits="41" branch="false"/>
            <line number="206" hits="41" branch="false"/>
            <line number="209" hits="12" branch="false"/>
            <line number="211" hits="12" branch="true" condition-coverage="100% (2/2)"/>
            <line number="212" hits="1" branch="false"/>
            <line number="217" hits="18651" branch="true" condition-coverage="100% (5/5)"/>
            <line number="219" hits="38" branch="false"/>
            <line number="220" hits="38" branch="false"/>
            <line number="221" hits="38" branch="false"/>
            <line number="222" hits="38" branch="false"/>
            <line number="238" hits="38" branch="false"/>
            <line number="240" hits="38" branch="true" condition-coverage="100% (2/2)"/>
            <line number="241" hits="35" branch="false"/>
            <line number="242" hits="35" branch="false"/>
            <line number="243" hits="35" branch="false"/>
            <line number="246" hits="35" branch="false"/>
            <line number="247" hits="35" branch="false"/>
            <line number="259" hits="53" branch="false"/>
            <line number="260" hits="53" branch="false"/>
            <line number="261" hits="53" branch="false"/>
            <line number="272" hits="0" branch="false"/>
            <line number="273" hits="0" branch="false"/>
            <line number="274" hits="0" branch="true" condition-coverage="0% (0/2)"/>
            <line number="275" hits="0" branch="false"/>
            <line number="278" hits="0" branch="false"/>
            <line number="290" hits="1" branch="false"/>
            <line number="291" hits="1" branch="false"/>
            <line number="292" hits="4" branch="true" condition-coverage="100% (2/2)"/>
            <line number="293" hits="2" branch="false"/>
            <line number="296" hits="1" branch="false"/>
            <line number="307" hits="6" branch="true" condition-coverage="100% (2/2)"/>
            <line number="308" hits="3" branch="false"/>
            <line number="310" hits="3" branch="true" condition-coverage="50% (1/2)"/>
            <line number="311" hits="3" branch="false"/>
            <line number="313" hits="0" branch="false"/>
            <line number="323" hits="178" branch="false"/>
            <line number="333" hits="49538" branch="false"/>
            <line number="342" hits="30484" branch="false"/>
            <line number="351" hits="151" branch="false"/>
            <line number="361" hits="18789" branch="false"/>
            <line number="371" hits="18903" branch="false"/>
            <line number="372" hits="18903" branch="false"/>
            <line number="382" hits="43" branch="false"/>
            <line number="383" hits="43" branch="false"/>
            <line number="384" hits="43" branch="true" condition-coverage="100% (2/2)"/>
            <line number="393" hits="44" branch="false"/>
            <line number="404" hits="1" branch="false"/>
            <line number="407" hits="4" branch="true" condition-coverage="50% (1/2)"/>
            <line number="411" hits="1" branch="false"/>
            <line number="420" hits="0" branch="false"/>
            <line number="421" hits="0" branch="true" condition-coverage="0% (0/2)"/>
            <line number="422" hits="0" branch="false"/>
            <line number="425" hits="0" branch="false"/>
            <line number="433" hits="0" branch="false"/>
            <line number="434" hits="0" branch="true" condition-coverage="0% (0/2)"/>
            <line number="435" hits="0" branch="false"/>
            <line number="438" hits="0" branch="false"/>
            <line number="455" hits="18745" branch="false"/>
            <line number="456" hits="18745" branch="true" condition-coverage="100% (2/2)"/>
            <line number="457" hits="67" branch="false"/>
            <line number="458" hits="67" branch="false"/>
            <line number="459" hits="67" branch="false"/>
            <line number="462" hits="18745" branch="false"/>
            <line number="463" hits="18745" branch="true" condition-coverage="100% (2/2)"/>
            <line number="464" hits="151" branch="false"/>
            <line number="465" hits="151" branch="true" condition-coverage="100% (4/4)"/>
            <line number="466" hits="38" branch="true" condition-coverage="100% (2/2)"/>
            <line number="467" hits="38" branch="false"/>
            <line number="470" hits="18745" branch="false"/>
          </lines>
        </class>
        <class name="floor.js" filename="src/models/floor.js" line-rate="1" branch-rate="1">
          <methods>
            <method name="(anonymous_0)" hits="23" signature="()V">
              <lines>
                <line number="35" hits="23"/>
              </lines>
            </method>
            <method name="(anonymous_1)" hits="22" signature="()V">
              <lines>
                <line number="58" hits="22"/>
              </lines>
            </method>
            <method name="(anonymous_2)" hits="4" signature="()V">
              <lines>
                <line number="73" hits="4"/>
              </lines>
            </method>
            <method name="(anonymous_3)" hits="4" signature="()V">
              <lines>
                <line number="89" hits="4"/>
              </lines>
            </method>
            <method name="(anonymous_4)" hits="8" signature="()V">
              <lines>
                <line number="107" hits="8"/>
              </lines>
            </method>
            <method name="(anonymous_5)" hits="2" signature="()V">
              <lines>
                <line number="124" hits="2"/>
              </lines>
            </method>
            <method name="(anonymous_6)" hits="2" signature="()V">
              <lines>
                <line number="132" hits="2"/>
              </lines>
            </method>
          </methods>
          <lines>
            <line number="36" hits="23" branch="true" condition-coverage="100% (4/4)"/>
            <line number="37" hits="1" branch="false"/>
            <line number="40" hits="22" branch="false"/>
            <line number="41" hits="22" branch="false"/>
            <line number="42" hits="22" branch="false"/>
            <line number="43" hits="22" branch="false"/>
            <line number="45" hits="22" branch="false"/>
            <line number="59" hits="22" branch="false"/>
            <line number="60" hits="22" branch="false"/>
            <line number="62" hits="1" branch="false"/>
            <line number="74" hits="4" branch="false"/>
            <line number="75" hits="4" branch="false"/>
            <line number="76" hits="4" branch="true" condition-coverage="100% (2/2)"/>
            <line number="77" hits="3" branch="false"/>
            <line number="78" hits="3" branch="false"/>
            <line number="90" hits="4" branch="false"/>
            <line number="91" hits="4" branch="false"/>
            <line number="92" hits="4" branch="true" condition-coverage="100% (2/2)"/>
            <line number="93" hits="3" branch="false"/>
            <line number="94" hits="3" branch="false"/>
            <line number="108" hits="8" branch="true" condition-coverage="100% (4/4)"/>
            <line number="109" hits="4" branch="false"/>
            <line number="110" hits="4" branch="false"/>
            <line number="112" hits="8" branch="true" condition-coverage="100% (4/4)"/>
            <line number="113" hits="4" branch="false"/>
            <line number="114" hits="4" branch="false"/>
            <line number="125" hits="2" branch="false"/>
            <line number="133" hits="2" branch="false"/>
          </lines>
        </class>
        <class name="movable.js" filename="src/models/movable.js" line-rate="0.8488" branch-rate="0.6129">
          <methods>
            <method name="linearInterpolate" hits="0" signature="()V">
              <lines>
                <line number="14" hits="0"/>
              </lines>
            </method>
            <method name="powInterpolate" hits="0" signature="()V">
              <lines>
                <line number="27" hits="0"/>
              </lines>
            </method>
            <method name="coolInterpolate" hits="0" signature="()V">
              <lines>
                <line number="39" hits="0"/>
              </lines>
            </method>
            <method name="(anonymous_3)" hits="34" signature="()V">
              <lines>
                <line number="84" hits="34"/>
              </lines>
            </method>
            <method name="(anonymous_4)" hits="2" signature="()V">
              <lines>
                <line number="102" hits="2"/>
              </lines>
            </method>
            <method name="(anonymous_5)" hits="18753" signature="()V">
              <lines>
                <line number="121" hits="18753"/>
              </lines>
            </method>
            <method name="(anonymous_6)" hits="102" signature="()V">
              <lines>
                <line number="137" hits="102"/>
              </lines>
            </method>
            <method name="(anonymous_7)" hits="18786" signature="()V">
              <lines>
                <line number="147" hits="18786"/>
              </lines>
            </method>
            <method name="(anonymous_8)" hits="55" signature="()V">
              <lines>
                <line number="157" hits="55"/>
              </lines>
            </method>
            <method name="(anonymous_9)" hits="1" signature="()V">
              <lines>
                <line number="171" hits="1"/>
              </lines>
            </method>
            <method name="waitTask" hits="67" signature="()V">
              <lines>
                <line number="175" hits="67"/>
              </lines>
            </method>
            <method name="(anonymous_11)" hits="1" signature="()V">
              <lines>
                <line number="197" hits="1"/>
              </lines>
            </method>
            <method name="moveToOverTimeTask" hits="101" signature="()V">
              <lines>
                <line number="213" hits="101"/>
              </lines>
            </method>
            <method name="(anonymous_13)" hits="18818" signature="()V">
              <lines>
                <line number="233" hits="18818"/>
              </lines>
            </method>
            <method name="(anonymous_14)" hits="4" signature="()V">
              <lines>
                <line number="245" hits="4"/>
              </lines>
            </method>
            <method name="(anonymous_15)" hits="1" signature="()V">
              <lines>
                <line number="266" hits="1"/>
              </lines>
            </method>
          </methods>
          <lines>
            <line number="4" hits="9" branch="false"/>
            <line number="15" hits="0" branch="false"/>
            <line number="28" hits="0" branch="false"/>
            <line number="40" hits="0" branch="false"/>
            <line number="48" hits="9" branch="false"/>
            <line number="50" hits="9" branch="false"/>
            <line number="85" hits="34" branch="false"/>
            <line number="86" hits="34" branch="false"/>
            <line number="87" hits="34" branch="false"/>
            <line number="88" hits="34" branch="false"/>
            <line number="89" hits="34" branch="false"/>
            <line number="90" hits="34" branch="false"/>
            <line number="91" hits="34" branch="false"/>
            <line number="92" hits="34" branch="false"/>
            <line number="93" hits="34" branch="false"/>
            <line number="103" hits="2" branch="false"/>
            <line number="104" hits="2" branch="false"/>
            <line number="105" hits="2" branch="false"/>
            <line number="106" hits="2" branch="false"/>
            <line number="107" hits="2" branch="false"/>
            <line number="108" hits="2" branch="true" condition-coverage="40% (2/5)"/>
            <line number="109" hits="2" branch="false"/>
            <line number="122" hits="18753" branch="true" condition-coverage="100% (2/2)"/>
            <line number="123" hits="7" branch="false"/>
            <line number="125" hits="18753" branch="true" condition-coverage="100% (2/2)"/>
            <line number="126" hits="18752" branch="false"/>
            <line number="128" hits="18753" branch="false"/>
            <line number="138" hits="102" branch="false"/>
            <line number="139" hits="102" branch="false"/>
            <line number="140" hits="102" branch="false"/>
            <line number="148" hits="18786" branch="false"/>
            <line number="158" hits="55" branch="true" condition-coverage="50% (1/2)"/>
            <line number="159" hits="0" branch="false"/>
            <line number="160" hits="0" branch="false"/>
            <line number="172" hits="1" branch="false"/>
            <line number="173" hits="1" branch="false"/>
            <line number="174" hits="1" branch="false"/>
            <line number="175" hits="1" branch="false"/>
            <line number="176" hits="67" branch="false"/>
[...]
            <line number="58" hits="2" branch="false"/>
            <line number="59" hits="2" branch="false"/>
            <line number="60" hits="2" branch="false"/>
            <line number="62" hits="0" branch="false"/>
            <line number="64" hits="2" branch="true" condition-coverage="100% (2/2)"/>
            <line number="65" hits="2" branch="false"/>
            <line number="66" hits="2" branch="false"/>
            <line number="67" hits="2" branch="false"/>
            <line number="69" hits="2" branch="false"/>
            <line number="70" hits="2" branch="false"/>
            <line number="72" hits="7" branch="false"/>
            <line number="73" hits="7" branch="true" condition-coverage="50% (1/2)"/>
            <line number="74" hits="7" branch="false"/>
            <line number="77" hits="4" branch="true" condition-coverage="50% (1/2)"/>
            <line number="78" hits="4" branch="false"/>
            <line number="80" hits="4" branch="false"/>
            <line number="88" hits="0" branch="false"/>
            <line number="89" hits="0" branch="false"/>
            <line number="90" hits="0" branch="false"/>
            <line number="98" hits="4" branch="false"/>
            <line number="99" hits="4" branch="false"/>
            <line number="107" hits="0" branch="false"/>
            <line number="108" hits="0" branch="false"/>
          </lines>
        </class>
        <class name="world.js" filename="src/models/world.js" line-rate="0.8468000000000001" branch-rate="0.5294">
          <methods>
            <method name="(anonymous_0)" hits="12" signature="()V">
              <lines>
                <line number="52" hits="12"/>
              </lines>
            </method>
            <method name="(anonymous_1)" hits="0" signature="()V">
              <lines>
                <line number="69" hits="0"/>
              </lines>
            </method>
            <method name="(anonymous_2)" hits="24" signature="()V">
              <lines>
                <line number="80" hits="24"/>
              </lines>
            </method>
            <method name="(anonymous_3)" hits="0" signature="()V">
              <lines>
                <line number="85" hits="0"/>
              </lines>
            </method>
            <method name="(anonymous_4)" hits="0" signature="()V">
              <lines>
                <line number="90" hits="0"/>
              </lines>
            </method>
            <method name="(anonymous_5)" hits="13" signature="()V">
              <lines>
                <line number="107" hits="13"/>
              </lines>
            </method>
            <method name="(anonymous_6)" hits="51" signature="()V">
              <lines>
                <line number="108" hits="51"/>
              </lines>
            </method>
            <method name="(anonymous_7)" hits="13" signature="()V">
              <lines>
                <line number="126" hits="13"/>
              </lines>
            </method>
            <method name="(anonymous_8)" hits="26" signature="()V">
              <lines>
                <line number="130" hits="26"/>
              </lines>
            </method>
            <method name="(anonymous_9)" hits="0" signature="()V">
              <lines>
                <line number="153" hits="0"/>
              </lines>
            </method>
            <method name="(anonymous_10)" hits="1" signature="()V">
              <lines>
                <line number="169" hits="1"/>
              </lines>
            </method>
            <method name="(anonymous_11)" hits="1" signature="()V">
              <lines>
                <line number="192" hits="1"/>
              </lines>
            </method>
            <method name="(anonymous_12)" hits="0" signature="()V">
              <lines>
                <line number="197" hits="0"/>
              </lines>
            </method>
            <method name="(anonymous_13)" hits="1" signature="()V">
              <lines>
                <line number="211" hits="1"/>
              </lines>
            </method>
            <method name="(anonymous_14)" hits="2" signature="()V">
              <lines>
                <line number="213" hits="2"/>
              </lines>
            </method>
            <method name="(anonymous_15)" hits="1" signature="()V">
              <lines>
                <line number="221" hits="1"/>
              </lines>
            </method>
            <method name="(anonymous_16)" hits="1" signature="()V">
              <lines>
                <line number="239" hits="1"/>
              </lines>
            </method>
            <method name="(anonymous_17)" hits="1" signature="()V">
              <lines>
                <line number="264" hits="1"/>
              </lines>
            </method>
            <method name="(anonymous_18)" hits="1" signature="()V">
              <lines>
                <line number="296" hits="1"/>
              </lines>
            </method>
            <method name="(anonymous_19)" hits="1" signature="()V">
              <lines>
                <line number="308" hits="1"/>
              </lines>
            </method>
            <method name="(anonymous_20)" hits="5" signature="()V">
              <lines>
                <line number="309" hits="5"/>
              </lines>
            </method>
            <method name="(anonymous_21)" hits="1" signature="()V">
              <lines>
                <line number="319" hits="1"/>
              </lines>
            </method>
          </methods>
          <lines>
            <line number="53" hits="12" branch="false"/>
            <line number="55" hits="12" branch="false"/>
            <line number="56" hits="12" branch="false"/>
            <line number="57" hits="12" branch="false"/>
            <line number="58" hits="12" branch="false"/>
            <line number="59" hits="12" branch="false"/>
            <line number="60" hits="12" branch="false"/>
            <line number="61" hits="12" branch="false"/>
            <line number="62" hits="12" branch="false"/>
            <line number="63" hits="12" branch="false"/>
            <line number="64" hits="12" branch="false"/>
            <line number="65" hits="12" branch="false"/>
            <line number="67" hits="12" branch="false"/>
            <line number="69" hits="12" branch="false"/>
            <line number="71" hits="12" branch="false"/>
            <line number="72" hits="12" branch="false"/>
            <line number="78" hits="12" branch="false"/>
            <line number="80" hits="24" branch="false"/>
            <line number="84" hits="12" branch="false"/>
            <line number="85" hits="24" branch="false"/>
            <line number="89" hits="12" branch="false"/>
            <line number="90" hits="48" branch="false"/>
            <line number="91" hits="0" branch="false"/>
            <line number="108" hits="13" branch="false"/>
            <line number="109" hits="51" branch="false"/>
            <line number="111" hits="51" branch="false"/>
            <line number="127" hits="13" branch="true" condition-coverage="100% (2/2)"/>
            <line number="128" hits="13" branch="false"/>
            <line number="130" hits="13" branch="false"/>
            <line number="131" hits="26" branch="false"/>
            <line number="137" hits="26" branch="false"/>
            <line number="138" hits="26" branch="false"/>
            <line number="139" hits="26" branch="false"/>
            <line number="140" hits="26" branch="false"/>
            <line number="141" hits="26" branch="false"/>
            <line number="154" hits="0" branch="false"/>
            <line number="155" hits="0" branch="false"/>
            <line number="156" hits="0" branch="true" condition-coverage="0% (0/2)"/>
            <line number="157" hits="0" branch="false"/>
            <line number="158" hits="0" branch="true" condition-coverage="0% (0/2)"/>
            <line number="159" hits="0" branch="false"/>
            <line number="161" hits="0" branch="false"/>
            <line number="163" hits="0" branch="false"/>
            <line number="170" hits="1" branch="false"/>
            <line number="171" hits="1" branch="false"/>
            <line number="172" hits="1" branch="false"/>
            <line number="173" hits="1" branch="true" condition-coverage="50% (1/2)"/>
            <line number="175" hits="1" branch="true" condition-coverage="50% (1/2)"/>
            <line number="176" hits="1" branch="false"/>
            <line number="178" hits="0" branch="true" condition-coverage="0% (0/2)"/>
            <line number="179" hits="0" branch="false"/>
            <line number="181" hits="0" branch="false"/>
            <line number="184" hits="1" branch="false"/>
            <line number="185" hits="1" branch="false"/>
            <line number="193" hits="1" branch="false"/>
            <line number="194" hits="1" branch="false"/>
            <line number="195" hits="1" branch="false"/>
            <line number="196" hits="1" branch="false"/>
            <line number="197" hits="1" branch="false"/>
            <line number="198" hits="0" branch="false"/>
            <line number="199" hits="0" branch="false"/>
            <line number="200" hits="0" branch="false"/>
            <line number="203" hits="0" branch="false"/>
            <line number="205" hits="1" branch="false"/>
            <line number="212" hits="1" branch="false"/>
            <line number="213" hits="2" branch="false"/>
            <line number="214" hits="1" branch="false"/>
            <line number="222" hits="1" branch="false"/>
            <line number="223" hits="1" branch="false"/>
            <line number="224" hits="1" branch="true" condition-coverage="50% (1/2)"/>
            <line number="225" hits="1" branch="false"/>
            <line number="228" hits="1" branch="false"/>
            <line number="229" hits="1" branch="false"/>
            <line number="230" hits="1" branch="true" condition-coverage="50% (1/2)"/>
            <line number="231" hits="1" branch="false"/>
            <line number="240" hits="1" branch="false"/>
            <line number="241" hits="1" branch="false"/>
            <line number="242" hits="1" branch="false"/>
            <line number="243" hits="1" branch="true" condition-coverage="50% (1/2)"/>
            <line number="247" hits="1" branch="true" condition-coverage="50% (1/2)"/>
            <line number="253" hits="1" branch="false"/>
            <line number="254" hits="1" branch="false"/>
            <line number="265" hits="1" branch="false"/>
            <line number="266" hits="1" branch="true" condition-coverage="50% (1/2)"/>
            <line number="267" hits="1" branch="true" condition-coverage="100% (2/2)"/>
            <line number="269" hits="1" branch="false"/>
            <line number="270" hits="2" branch="false"/>
            <line number="271" hits="2" branch="false"/>
            <line number="274" hits="1" branch="false"/>
            <line number="275" hits="1" branch="false"/>
            <line number="276" hits="1" branch="false"/>
            <line number="277" hits="1" branch="false"/>
            <line number="279" hits="1" branch="false"/>
            <line number="280" hits="1" branch="false"/>
            <line number="281" hits="1" branch="false"/>
            <line number="282" hits="1" branch="false"/>
            <line number="284" hits="1" branch="false"/>
            <line number="285" hits="1" branch="false"/>
            <line number="286" hits="1" branch="true" condition-coverage="50% (1/2)"/>
            <line number="287" hits="0" branch="false"/>
            <line number="290" hits="1" branch="false"/>
            <line number="297" hits="1" branch="false"/>
            <line number="298" hits="1" branch="false"/>
            <line number="300" hits="1" branch="false"/>
            <line number="301" hits="1" branch="false"/>
            <line number="309" hits="1" branch="false"/>
            <line number="310" hits="5" branch="false"/>
            <line number="312" hits="1" branch="false"/>
            <line number="313" hits="1" branch="false"/>
            <line number="320" hits="1" branch="false"/>
            <line number="321" hits="2" branch="false"/>
          </lines>
        </class>
      </classes>
    </package>
    <package name="src.models.utils" line-rate="0.9743" branch-rate="0.9582999999999999">
      <classes>
        <class name="acceleration-needed-to-achieve-change-distance.js" filename="src/models/utils/acceleration-needed-to-achieve-change-distance.js" line-rate="1" branch-rate="1">
          <methods>
            <method name="accelerationNeededToAchieveChangeDistance" hits="1653" signature="()V">
              <lines>
                <line number="8" hits="1653"/>
              </lines>
            </method>
          </methods>
          <lines>
            <line number="10" hits="1653" branch="false"/>
            <line number="11" hits="1653" branch="false"/>
          </lines>
        </class>
        <class name="create-bool-passthrough-function.js" filename="src/models/utils/create-bool-passthrough-function.js" line-rate="1" branch-rate="1">
          <methods>
            <method name="createBoolPassthroughFunction" hits="30" signature="()V">
              <lines>
                <line number="8" hits="30"/>
              </lines>
            </method>
            <method name="(anonymous_1)" hits="21" signature="()V">
              <lines>
                <line number="9" hits="21"/>
              </lines>
            </method>
          </methods>
          <lines>
            <line number="9" hits="30" branch="false"/>
            <line number="10" hits="21" branch="true" condition-coverage="100% (2/2)"/>
            <line number="11" hits="11" branch="true" condition-coverage="100% (2/2)"/>
            <line number="12" hits="11" branch="false"/>
            <line number="13" hits="11" branch="false"/>
            <line number="15" hits="10" branch="false"/>
          </lines>
        </class>
        <class name="create-frame-requester.js" filename="src/models/utils/create-frame-requester.js" line-rate="1" branch-rate="1">
          <methods>
            <method name="createFrameRequester" hits="9" signature="()V">
              <lines>
                <line number="7" hits="9"/>
              </lines>
            </method>
            <method name="(anonymous_1)" hits="14" signature="()V">
              <lines>
                <line number="11" hits="14"/>
              </lines>
            </method>
            <method name="(anonymous_2)" hits="14" signature="()V">
              <lines>
                <line number="14" hits="14"/>
              </lines>
            </method>
          </methods>
          <lines>
            <line number="8" hits="9" branch="false"/>
            <line number="9" hits="9" branch="false"/>
            <line number="10" hits="9" branch="false"/>
            <line number="11" hits="9" branch="false"/>
            <line number="12" hits="14" branch="false"/>
            <line number="14" hits="9" branch="false"/>
            <line number="15" hits="14" branch="false"/>
            <line number="16" hits="14" branch="true" condition-coverage="100% (2/2)"/>
            <line number="17" hits="11" branch="false"/>
            <line number="20" hits="9" branch="false"/>
          </lines>
        </class>
        <class name="depracation-warning.js" filename="src/models/utils/depracation-warning.js" line-rate="1" branch-rate="1">
          <methods>
            <method name="deprecationWarning" hits="2" signature="()V">
              <lines>
                <line number="4" hits="2"/>
              </lines>
            </method>
          </methods>
          <lines>
            <line number="5" hits="2" branch="false"/>
          </lines>
        </class>
        <class name="distance-needed-to-achieve-speed.js" filename="src/models/utils/distance-needed-to-achieve-speed.js" line-rate="1" branch-rate="1">
          <methods>
            <method name="distanceNeededToAchieveSpeed" hits="24588" signature="()V">
              <lines>
                <line number="8" hits="24588"/>
              </lines>
            </method>
          </methods>
          <lines>
            <line number="10" hits="24588" branch="false"/>
            <line number="11" hits="24588" branch="false"/>
          </lines>
        </class>
        <class name="epsilon-equals.js" filename="src/models/utils/epsilon-equals.js" line-rate="1" branch-rate="1">
          <methods>
            <method name="epsilonEquals" hits="62" signature="()V">
              <lines>
                <line number="8" hits="62"/>
              </lines>
            </method>
          </methods>
          <lines>
            <line number="9" hits="62" branch="false"/>
          </lines>
        </class>
        <class name="get-code-obj-from-code.js" filename="src/models/utils/get-code-obj-from-code.js" line-rate="1" branch-rate="1">
          <methods>
            <method name="getCodeObjFromCode" hits="6" signature="()V">
              <lines>
                <line number="8" hits="6"/>
              </lines>
            </method>
          </methods>
          <lines>
            <line number="9" hits="6" branch="true" condition-coverage="100% (4/4)"/>
            <line number="10" hits="5" branch="false"/>
            <line number="13" hits="6" branch="false"/>
            <line number="15" hits="5" branch="true" condition-coverage="100% (2/2)"/>
            <line number="16" hits="1" branch="false"/>
            <line number="18" hits="4" branch="true" condition-coverage="100% (2/2)"/>
            <line number="19" hits="1" branch="false"/>
            <line number="21" hits="3" branch="false"/>
          </lines>
        </class>
        <class name="index.js" filename="src/models/utils/index.js" line-rate="0" branch-rate="0">
          <methods>
          </methods>
          <lines>
          </lines>
        </class>
        <class name="limit-number.js" filename="src/models/utils/limit-number.js" line-rate="1" branch-rate="1">
          <methods>
            <method name="limitNumber" hits="18678" signature="()V">
              <lines>
                <line number="14" hits="18678"/>
              </lines>
            </method>
          </methods>
          <lines>
            <line number="15" hits="18678" branch="false"/>
          </lines>
        </class>
        <class name="math-sign.js" filename="src/models/utils/math-sign.js" line-rate="0.8332999999999999" branch-rate="0.875">
          <methods>
            <method name="sign" hits="15" signature="()V">
              <lines>
                <line number="11" hits="15"/>
              </lines>
            </method>
          </methods>
          <lines>
            <line number="12" hits="15" branch="false"/>
            <line number="13" hits="15" branch="true" condition-coverage="100% (4/4)"/>
            <line number="14" hits="7" branch="false"/>
            <line number="16" hits="8" branch="true" condition-coverage="100% (2/2)"/>
            <line number="19" hits="10" branch="true" condition-coverage="50% (1/2)"/>
            <line number="20" hits="0" branch="false"/>
          </lines>
        </class>
        <class name="new-guard.js" filename="src/models/utils/new-guard.js" line-rate="1" branch-rate="1">
          <methods>
            <method name="newGuard" hits="68" signature="()V">
              <lines>
                <line number="9" hits="68"/>
              </lines>
            </method>
          </methods>
          <lines>
            <line number="10" hits="68" branch="true" condition-coverage="100% (2/2)"/>
            <line number="11" hits="4" branch="false"/>
          </lines>
        </class>
      </classes>
    </package>
  </packages>
</coverage>
